MPASM 5.66  /HOME/JULIE/MPLABXPROJECTS/LED_B   4-14-2016  16:05:30         PAGE  1


LOC  OBJECT CODE     LINE SOURCE TEXT
  VALUE

                      00001     title "program"
                      00002     list p=16F84, f=inhx8m
                      00003     INCLUDE "p16f84a.inc"
                      00001         LIST
                      00002 
                      00003 ;==========================================================================
                      00004 ; Build date : Feb 01 2016
                      00005 ;  MPASM PIC16F84A processor include
                      00006 ; 
                      00007 ;  (c) Copyright 1999-2016 Microchip Technology, All rights reserved
                      00008 ;==========================================================================
                      00009 
Message[301]: MESSAGE: (Processor-header file mismatch.  Verify selected processor.)
                      00209         LIST
  0000000C            00004 SAVE_W   EQU    0C
  0000000D            00005 SAVE_STATUS  EQU        0D
                      00006     
                      00007         org 0
                      00008         
0000   1683           00009 init    BSF     STATUS, RP0
0001   3001           00010         MOVLW   B'00000001'
Message[302]: Register in operand not in bank 0.  Ensure that bank bits are correct.
0002   0086           00011         MOVWF   TRISB
Message[302]: Register in operand not in bank 0.  Ensure that bank bits are correct.
0003   1281           00012         BCF     OPTION_REG, T0CS
0004   1283           00013         BCF     STATUS, RP0
                      00014         
                      00015         ;valide interruption INT
0005   160B           00016         BSF     INTCON, INTE
                      00017         
0006   1E05           00018 Start   BTFSS   PORTA, RA4
0007   2???           00019         GOTO    allume          ;RA4=0
0008   2???           00020         GOTO    eteint          ;RA4=1
                      00021         
0009   1486           00022 allume  BSF     PORTB, RB1
000A   2???           00023         GOTO    Start
                      00024         
000B   1086           00025 eteint  BCF     PORTB, RB1
000C   2???           00026         GOTO    Start
                      00027         End
MPASM 5.66  /HOME/JULIE/MPLABXPROJECTS/LED_B   4-14-2016  16:05:30         PAGE  2
program

SYMBOL TABLE
  LABEL                             VALUE 

C                                 00000000
DC                                00000001
EEADR                             00000009
EECON1                            00000088
EECON2                            00000089
EEDATA                            00000008
EEIE                              00000006
EEIF                              00000004
F                                 00000001
FSR                               00000004
GIE                               00000007
INDF                              00000000
INTCON                            0000000B
INTE                              00000004
INTEDG                            00000006
INTF                              00000001
IRP                               00000007
NOT_PD                            00000003
NOT_RBPU                          00000007
NOT_TO                            00000004
OPTION_REG                        00000081
PCL                               00000002
PCLATH                            0000000A
PORTA                             00000005
PORTB                             00000006
PS0                               00000000
PS1                               00000001
PS2                               00000002
PSA                               00000003
RA0                               00000000
RA1                               00000001
RA2                               00000002
RA3                               00000003
RA4                               00000004
RB0                               00000000
RB1                               00000001
RB2                               00000002
RB3                               00000003
RB4                               00000004
RB5                               00000005
RB6                               00000006
RB7                               00000007
RBIE                              00000003
RBIF                              00000000
RD                                00000000
RP0                               00000005
RP1                               00000006
SAVE_STATUS                       0000000D
SAVE_W                            0000000C
STATUS                            00000003
Start                             00000006
T0CS                              00000005
T0IE                              00000005
MPASM 5.66  /HOME/JULIE/MPLABXPROJECTS/LED_B   4-14-2016  16:05:30         PAGE  3
program

SYMBOL TABLE
  LABEL                             VALUE 

T0IF                              00000002
T0SE                              00000004
TMR0                              00000001
TMR0IE                            00000005
TMR0IF                            00000002
TRISA                             00000085
TRISA0                            00000000
TRISA1                            00000001
TRISA2                            00000002
TRISA3                            00000003
TRISA4                            00000004
TRISB                             00000086
TRISB0                            00000000
TRISB1                            00000001
TRISB2                            00000002
TRISB3                            00000003
TRISB4                            00000004
TRISB5                            00000005
TRISB6                            00000006
TRISB7                            00000007
W                                 00000000
WR                                00000001
WREN                              00000002
WRERR                             00000003
Z                                 00000002
_CONFIG                           00002007
_CP_OFF                           00003FFF
_CP_ON                            0000000F
_DEVID1                           00002006
_FOSC_EXTRC                       00003FFF
_FOSC_HS                          00003FFE
_FOSC_LP                          00003FFC
_FOSC_XT                          00003FFD
_HS_OSC                           00003FFE
_IDLOC0                           00002000
_IDLOC1                           00002001
_IDLOC2                           00002002
_IDLOC3                           00002003
_LP_OSC                           00003FFC
_PWRTE_OFF                        00003FFF
_PWRTE_ON                         00003FF7
_RC_OSC                           00003FFF
_WDTE_OFF                         00003FFB
_WDTE_ON                          00003FFF
_WDT_OFF                          00003FFB
_WDT_ON                           00003FFF
_XT_OSC                           00003FFD
__16F84                           00000001
__DEBUG                           
__MPLAB_DEBUGGER_SIMULATOR        1
allume                            00000009
eteint                            0000000B
init                              00000000
MPASM 5.66  /HOME/JULIE/MPLABXPROJECTS/LED_B   4-14-2016  16:05:30         PAGE  4
program





Errors   :     0
Warnings :     0 reported,     0 suppressed
Messages :     3 reported,     0 suppressed

