MPASM 5.66  /HOME/JULIE/LICENCE/ARCHI2/TP2.X   3-24-2016  15:24:38         PAGE  1


LOC  OBJECT CODE     LINE SOURCE TEXT
  VALUE

                      00001     Title "programme"
                      00002     List p=16f84, f=inhx8m
                      00003     INCLUDE "p16f84.inc"
                      00001         LIST
                      00002 
                      00003 ;==========================================================================
                      00004 ; Build date : Feb 01 2016
                      00005 ;  MPASM PIC16F84 processor include
                      00006 ; 
                      00007 ;  (c) Copyright 1999-2016 Microchip Technology, All rights reserved
                      00008 ;==========================================================================
                      00009 
                      00207         LIST
                      00004     INCLUDE "newAsmTemplate.inc"
  00000005            00001 RSO     equ 5
                      00002 
                      00003 
  0000000C            00005 Cmp     equ 0C
  0000000D            00006 Cmp2    equ 0D
  00000255            00007 NTOUR2   equ 255 ;2(mov)+(5(nop)+1(dec)+2(goto))*254+5(nop)+2(dec)=2041 
  00000002            00008 NTOUR   equ 2   ;2(mov) + (2(dec)+2041(ntour2))*244+2041+2(dec)+5(allumage LED et call temp)=500542
                      00009         
                      00010         org 0
0000   1683           00011         BSF     STATUS, RSO ;acces zone 1
Message[302]: Register in operand not in bank 0.  Ensure that bank bits are correct.
0001   0186           00012         CLRF    TRISB       ;met PortB en sortie
0002   1283           00013         BCF     STATUS, RSO ;revenir zone 0
0003   1406           00014 Boucle  BSF     PORTB, RB0  ;met à 0 bit RBO du PortB
0004   2???           00015         CALL    Temp        ;sous-programme qui met en attente
0005   2???           00016         GOTO    Suite       ;permet d'avoir le meme nombre de cycle
0006   1006           00017 Suite   BCF     PORTB, RB0  ;met à 1 bit RBO du PortB               
0007   2???           00018         CALL    Temp
0008   2???           00019         GOTO    Boucle      ;reboucle
                      00020         
0009   3002           00021 Temp    MOVLW   NTOUR       ;met NTOUR dans repertoire travail
000A   008C           00022         MOVWF   Cmp         ;met NTOUR dans Cmp
                      00023 
Warning[202]: Argument out of range.  Least significant bits used.
000B   3055           00024 Temp2   MOVLW   NTOUR2      ;met NTOUR2 dans repertoire travail
000C   008D           00025         MOVWF   Cmp2        ;met NTOUR2 dans Cmp2
                      00026 
000D   0000           00027 Temp3   NOP
000E   0000           00028         NOP
000F   0000           00029         NOP
0010   0000           00030         NOP
0011   0000           00031         NOP
0012   0B8D           00032         DECFSZ  Cmp2, f
0013   2???           00033         GOTO    Temp3
                      00034         
Message[305]: Using default destination of 1 (file).
0014   0B8C           00035         DECFSZ  Cmp
0015   2???           00036         GOTO    Temp2
0016   0008           00037         RETURN
MPASM 5.66  /HOME/JULIE/LICENCE/ARCHI2/TP2.X   3-24-2016  15:24:38         PAGE  2
programme

LOC  OBJECT CODE     LINE SOURCE TEXT
  VALUE

                      00038         
                      00039         
                      00040         End
MPASM 5.66  /HOME/JULIE/LICENCE/ARCHI2/TP2.X   3-24-2016  15:24:38         PAGE  3
programme

SYMBOL TABLE
  LABEL                             VALUE 

Boucle                            00000003
C                                 00000000
Cmp                               0000000C
Cmp2                              0000000D
DC                                00000001
EEADR                             00000009
EECON1                            00000088
EECON2                            00000089
EEDATA                            00000008
EEIE                              00000006
EEIF                              00000004
F                                 00000001
FSR                               00000004
GIE                               00000007
INDF                              00000000
INTCON                            0000000B
INTE                              00000004
INTEDG                            00000006
INTF                              00000001
IRP                               00000007
NOT_PD                            00000003
NOT_RBPU                          00000007
NOT_TO                            00000004
NTOUR                             00000002
NTOUR2                            00000255
OPTION_REG                        00000081
PCL                               00000002
PCLATH                            0000000A
PORTA                             00000005
PORTB                             00000006
PS0                               00000000
PS1                               00000001
PS2                               00000002
PSA                               00000003
RA0                               00000000
RA1                               00000001
RA2                               00000002
RA3                               00000003
RA4                               00000004
RB0                               00000000
RB1                               00000001
RB2                               00000002
RB3                               00000003
RB4                               00000004
RB5                               00000005
RB6                               00000006
RB7                               00000007
RBIE                              00000003
RBIF                              00000000
RD                                00000000
RP0                               00000005
RP1                               00000006
RSO                               00000005
MPASM 5.66  /HOME/JULIE/LICENCE/ARCHI2/TP2.X   3-24-2016  15:24:38         PAGE  4
programme

SYMBOL TABLE
  LABEL                             VALUE 

STATUS                            00000003
Suite                             00000006
T0CS                              00000005
T0IE                              00000005
T0IF                              00000002
T0SE                              00000004
TMR0                              00000001
TMR0IE                            00000005
TMR0IF                            00000002
TRISA                             00000085
TRISA0                            00000000
TRISA1                            00000001
TRISA2                            00000002
TRISA3                            00000003
TRISA4                            00000004
TRISB                             00000086
TRISB0                            00000000
TRISB1                            00000001
TRISB2                            00000002
TRISB3                            00000003
TRISB4                            00000004
TRISB5                            00000005
TRISB6                            00000006
TRISB7                            00000007
Temp                              00000009
Temp2                             0000000B
Temp3                             0000000D
W                                 00000000
WR                                00000001
WREN                              00000002
WRERR                             00000003
Z                                 00000002
_CONFIG                           00002007
_CP_OFF                           00003FFF
_CP_ON                            0000000F
_FOSC_EXTRC                       00003FFF
_FOSC_HS                          00003FFE
_FOSC_LP                          00003FFC
_FOSC_XT                          00003FFD
_HS_OSC                           00003FFE
_IDLOC0                           00002000
_IDLOC1                           00002001
_IDLOC2                           00002002
_IDLOC3                           00002003
_LP_OSC                           00003FFC
_PWRTE_OFF                        00003FFF
_PWRTE_ON                         00003FF7
_RC_OSC                           00003FFF
_WDTE_OFF                         00003FFB
_WDTE_ON                          00003FFF
_WDT_OFF                          00003FFB
_WDT_ON                           00003FFF
_XT_OSC                           00003FFD
MPASM 5.66  /HOME/JULIE/LICENCE/ARCHI2/TP2.X   3-24-2016  15:24:38         PAGE  5
programme

SYMBOL TABLE
  LABEL                             VALUE 

__16F84                           00000001
__DEBUG                           
__MPLAB_DEBUGGER_SIMULATOR        1

Errors   :     0
Warnings :     1 reported,     0 suppressed
Messages :     2 reported,     0 suppressed

