MPASM 5.66  /HOME/JULIE/MPLABXPROJECTS/DOREM   4-7-2016  16:51:53         PAGE  1


LOC  OBJECT CODE     LINE SOURCE TEXT
  VALUE

                      00001     title "program"
                      00002     list p=16F84, f=inhx8m
                      00003     INCLUDE "p16f84a.inc"
                      00001         LIST
                      00002 
                      00003 ;==========================================================================
                      00004 ; Build date : Feb 01 2016
                      00005 ;  MPASM PIC16F84A processor include
                      00006 ; 
                      00007 ;  (c) Copyright 1999-2016 Microchip Technology, All rights reserved
                      00008 ;==========================================================================
                      00009 
Message[301]: MESSAGE: (Processor-header file mismatch.  Verify selected processor.)
                      00209         LIST
                      00004     
                      00005         org 0
0000   1683           00006         BSF     STATUS, RP0
Message[302]: Register in operand not in bank 0.  Ensure that bank bits are correct.
0001   0186           00007         CLRF    TRISB
0002   1283           00008         BCF     STATUS, RP0
0003   3001           00009 START   MOVLW   B'00000001'
0004   0206           00010         SUBWF   PORTB,w
0005   1903           00011         BTFSC   STATUS, Z
0006   2???           00012         CALL    do
0007   3002           00013         MOVLW   B'00000010'
0008   0206           00014         SUBWF   PORTB,w
0009   1903           00015         BTFSC   STATUS, Z
000A   2???           00016         CALL    re
000B   3004           00017         MOVLW   B'00000100'
000C   0206           00018         SUBWF   PORTB,w
000D   1903           00019         BTFSC   STATUS, Z
000E   2???           00020         CALL    mi
000F   3008           00021         MOVLW   B'00001000'
0010   0206           00022         SUBWF   PORTB,w
0011   1903           00023         BTFSC   STATUS, Z
0012   2???           00024         CALL    fa
0013   3010           00025         MOVLW   B'00010000'
0014   0206           00026         SUBWF   PORTB,w
0015   1903           00027         BTFSC   STATUS, Z
0016   2???           00028         CALL    sol
0017   3020           00029         MOVLW   B'00100000'
0018   0206           00030         SUBWF   PORTB,w
0019   1903           00031         BTFSC   STATUS, Z
001A   2???           00032         CALL    la
001B   3040           00033         MOVLW   B'01000000'
001C   0206           00034         SUBWF   PORTB,w
001D   1903           00035         BTFSC   STATUS, Z
001E   2???           00036         CALL    si
001F   3080           00037         MOVLW   B'10000000'
0020   0206           00038         SUBWF   PORTB,w
0021   1903           00039         BTFSC   STATUS, Z
0022   2???           00040         CALL    do2
0023   2???           00041         GOTO    START
MPASM 5.66  /HOME/JULIE/MPLABXPROJECTS/DOREM   4-7-2016  16:51:53         PAGE  2
program

LOC  OBJECT CODE     LINE SOURCE TEXT
  VALUE

                      00042         
                      00043         
0024   0000           00044 do      NOP
0025   0008           00045         RETURN
0026   0000           00046 re      NOP
0027   0008           00047         RETURN
0028   0000           00048 mi      NOP
0029   0008           00049         RETURN
002A   0000           00050 fa      NOP
002B   0008           00051         RETURN
002C   0000           00052 sol     NOP
002D   0008           00053         RETURN
002E   0000           00054 la      NOP
002F   0008           00055         RETURN
0030   0000           00056 si      NOP
0031   0008           00057         RETURN
0032   0000           00058 do2     NOP
0033   0008           00059         RETURN
                      00060         End
MPASM 5.66  /HOME/JULIE/MPLABXPROJECTS/DOREM   4-7-2016  16:51:53         PAGE  3
program

SYMBOL TABLE
  LABEL                             VALUE 

C                                 00000000
DC                                00000001
EEADR                             00000009
EECON1                            00000088
EECON2                            00000089
EEDATA                            00000008
EEIE                              00000006
EEIF                              00000004
F                                 00000001
FSR                               00000004
GIE                               00000007
INDF                              00000000
INTCON                            0000000B
INTE                              00000004
INTEDG                            00000006
INTF                              00000001
IRP                               00000007
NOT_PD                            00000003
NOT_RBPU                          00000007
NOT_TO                            00000004
OPTION_REG                        00000081
PCL                               00000002
PCLATH                            0000000A
PORTA                             00000005
PORTB                             00000006
PS0                               00000000
PS1                               00000001
PS2                               00000002
PSA                               00000003
RA0                               00000000
RA1                               00000001
RA2                               00000002
RA3                               00000003
RA4                               00000004
RB0                               00000000
RB1                               00000001
RB2                               00000002
RB3                               00000003
RB4                               00000004
RB5                               00000005
RB6                               00000006
RB7                               00000007
RBIE                              00000003
RBIF                              00000000
RD                                00000000
RP0                               00000005
RP1                               00000006
START                             00000003
STATUS                            00000003
T0CS                              00000005
T0IE                              00000005
T0IF                              00000002
T0SE                              00000004
MPASM 5.66  /HOME/JULIE/MPLABXPROJECTS/DOREM   4-7-2016  16:51:53         PAGE  4
program

SYMBOL TABLE
  LABEL                             VALUE 

TMR0                              00000001
TMR0IE                            00000005
TMR0IF                            00000002
TRISA                             00000085
TRISA0                            00000000
TRISA1                            00000001
TRISA2                            00000002
TRISA3                            00000003
TRISA4                            00000004
TRISB                             00000086
TRISB0                            00000000
TRISB1                            00000001
TRISB2                            00000002
TRISB3                            00000003
TRISB4                            00000004
TRISB5                            00000005
TRISB6                            00000006
TRISB7                            00000007
W                                 00000000
WR                                00000001
WREN                              00000002
WRERR                             00000003
Z                                 00000002
_CONFIG                           00002007
_CP_OFF                           00003FFF
_CP_ON                            0000000F
_DEVID1                           00002006
_FOSC_EXTRC                       00003FFF
_FOSC_HS                          00003FFE
_FOSC_LP                          00003FFC
_FOSC_XT                          00003FFD
_HS_OSC                           00003FFE
_IDLOC0                           00002000
_IDLOC1                           00002001
_IDLOC2                           00002002
_IDLOC3                           00002003
_LP_OSC                           00003FFC
_PWRTE_OFF                        00003FFF
_PWRTE_ON                         00003FF7
_RC_OSC                           00003FFF
_WDTE_OFF                         00003FFB
_WDTE_ON                          00003FFF
_WDT_OFF                          00003FFB
_WDT_ON                           00003FFF
_XT_OSC                           00003FFD
__16F84                           00000001
__DEBUG                           
__MPLAB_DEBUGGER_SIMULATOR        1
do                                00000024
do2                               00000032
fa                                0000002A
la                                0000002E
mi                                00000028
MPASM 5.66  /HOME/JULIE/MPLABXPROJECTS/DOREM   4-7-2016  16:51:53         PAGE  5
program

SYMBOL TABLE
  LABEL                             VALUE 

re                                00000026
si                                00000030
sol                               0000002C

Errors   :     0
Warnings :     0 reported,     0 suppressed
Messages :     2 reported,     0 suppressed

